Started GET "/" for ::1 at 2020-10-08 16:36:51 -0700
DEPRECATION WARNING: ActiveRecord::Base.raise_in_transactional_callbacks= is deprecated, has no effect and will be removed without replacement. (called from block (3 levels) in <class:Railtie> at /Users/carlosgarciajr/.rbenv/versions/2.5.1/lib/ruby/gems/2.5.0/gems/activerecord-5.0.7.2/lib/active_record/railtie.rb:113)
Processing by StaticPagesController#index as HTML
  Rendering static_pages/index.html.erb within layouts/application
  Rendered shared/_main_nav.html.erb (0.3ms)
  Rendered shared/_masthead.html.erb (0.2ms)
  Rendered shared/_sections_nav.html.erb (0.2ms)
  Rendered shared/_search_modal.html.erb (0.2ms)
  Rendered shared/_main_content.html.erb (0.2ms)
  Rendered static_pages/index.html.erb within layouts/application (15.2ms)
Completed 200 OK in 362ms (Views: 358.9ms | ActiveRecord: 0.0ms)


Started GET "/assets/application.self-5e5b219656abf8c4e83f7dfd5e5f4f415d8fe2348d16620303a4ed96d1b5a144.css?body=1" for ::1 at 2020-10-08 16:36:52 -0700
Started GET "/" for ::1 at 2020-10-08 16:36:53 -0700
Processing by StaticPagesController#index as HTML
  Rendering static_pages/index.html.erb within layouts/application
  Rendered shared/_main_nav.html.erb (0.2ms)
  Rendered shared/_masthead.html.erb (0.2ms)
  Rendered shared/_sections_nav.html.erb (0.2ms)
  Rendered shared/_search_modal.html.erb (0.2ms)
  Rendered shared/_main_content.html.erb (0.1ms)
  Rendered static_pages/index.html.erb within layouts/application (13.2ms)
Completed 200 OK in 29ms (Views: 26.9ms | ActiveRecord: 0.0ms)


Started GET "/" for ::1 at 2020-10-08 16:37:17 -0700
Processing by StaticPagesController#index as HTML
  Rendering static_pages/index.html.erb within layouts/application
  Rendered shared/_main_nav.html.erb (0.2ms)
  Rendered shared/_masthead.html.erb (0.2ms)
  Rendered shared/_sections_nav.html.erb (0.2ms)
  Rendered shared/_search_modal.html.erb (0.2ms)
  Rendered shared/_main_content.html.erb (0.2ms)
  Rendered static_pages/index.html.erb within layouts/application (14.6ms)
Completed 200 OK in 35ms (Views: 31.8ms | ActiveRecord: 0.0ms)


Started GET "/" for ::1 at 2020-10-08 16:37:20 -0700
Processing by StaticPagesController#index as HTML
  Rendering static_pages/index.html.erb within layouts/application
  Rendered shared/_main_nav.html.erb (0.2ms)
  Rendered shared/_masthead.html.erb (0.2ms)
  Rendered shared/_sections_nav.html.erb (0.2ms)
  Rendered shared/_search_modal.html.erb (0.2ms)
  Rendered shared/_main_content.html.erb (0.2ms)
  Rendered static_pages/index.html.erb within layouts/application (12.8ms)
Completed 200 OK in 30ms (Views: 27.7ms | ActiveRecord: 0.0ms)


Started GET "/" for ::1 at 2020-10-09 09:59:50 -0700
DEPRECATION WARNING: ActiveRecord::Base.raise_in_transactional_callbacks= is deprecated, has no effect and will be removed without replacement. (called from block (3 levels) in <class:Railtie> at /Users/carlosgarciajr/.rbenv/versions/2.5.1/lib/ruby/gems/2.5.0/gems/activerecord-5.0.7.2/lib/active_record/railtie.rb:113)
Processing by StaticPagesController#index as HTML
  Rendering static_pages/index.html.erb within layouts/application
  Rendered shared/_main_nav.html.erb (0.3ms)
  Rendered shared/_masthead.html.erb (0.2ms)
  Rendered shared/_sections_nav.html.erb (0.2ms)
  Rendered shared/_search_modal.html.erb (0.2ms)
  Rendered shared/_main_content.html.erb (0.2ms)
  Rendered static_pages/index.html.erb within layouts/application (15.4ms)
Completed 200 OK in 353ms (Views: 350.1ms | ActiveRecord: 0.0ms)


Started GET "/assets/application.self-7aae4f884d21c0f895d0e25909b4a3857ca3f7bdd4412baf28bf32a8b1f558b1.css?body=1" for ::1 at 2020-10-09 09:59:51 -0700
Started GET "/" for ::1 at 2020-10-09 10:00:16 -0700
Processing by StaticPagesController#index as HTML
  Rendering static_pages/index.html.erb within layouts/application
  Rendered shared/_main_nav.html.erb (0.2ms)
  Rendered shared/_masthead.html.erb (0.2ms)
  Rendered shared/_sections_nav.html.erb (0.1ms)
  Rendered shared/_search_modal.html.erb (0.2ms)
  Rendered shared/_main_content.html.erb (0.4ms)
  Rendered static_pages/index.html.erb within layouts/application (12.9ms)
Completed 200 OK in 34ms (Views: 30.5ms | ActiveRecord: 0.0ms)


Started GET "/assets/new_office.jpg" for ::1 at 2020-10-09 10:00:16 -0700
Started GET "/" for ::1 at 2020-10-09 10:03:51 -0700
Processing by StaticPagesController#index as HTML
  Rendering static_pages/index.html.erb within layouts/application
  Rendered shared/_main_nav.html.erb (0.2ms)
  Rendered shared/_masthead.html.erb (0.2ms)
  Rendered shared/_sections_nav.html.erb (0.3ms)
  Rendered shared/_search_modal.html.erb (0.2ms)
  Rendered shared/_main_content.html.erb (0.3ms)
  Rendered static_pages/index.html.erb within layouts/application (13.1ms)
Completed 200 OK in 109ms (Views: 104.9ms | ActiveRecord: 0.0ms)


Started GET "/assets/application.self-e229079662ba64eec2df88cc9898f07a6b5005419aa37c928d3d684a6d58d3e4.css?body=1" for ::1 at 2020-10-09 10:03:51 -0700
Started GET "/assets/new_office.jpg" for ::1 at 2020-10-09 10:03:51 -0700
Started GET "/" for ::1 at 2020-10-12 13:48:14 -0700
DEPRECATION WARNING: ActiveRecord::Base.raise_in_transactional_callbacks= is deprecated, has no effect and will be removed without replacement. (called from block (3 levels) in <class:Railtie> at /Users/carlosgarciajr/.rbenv/versions/2.5.1/lib/ruby/gems/2.5.0/gems/activerecord-5.0.7.2/lib/active_record/railtie.rb:113)
Processing by StaticPagesController#index as HTML
  Rendering static_pages/index.html.erb within layouts/application
  Rendered shared/_main_nav.html.erb (0.2ms)
  Rendered shared/_masthead.html.erb (0.1ms)
  Rendered shared/_sections_nav.html.erb (0.1ms)
  Rendered shared/_search_modal.html.erb (0.2ms)
  Rendered shared/_main_content.html.erb (0.3ms)
  Rendered static_pages/index.html.erb within layouts/application (14.5ms)
Completed 500 Internal Server Error in 194ms (ActiveRecord: 0.0ms)



Sass::SyntaxError - File to import not found or unreadable: base/grid.scss.
Load paths:
  /Users/carlosgarciajr/Documents/programming/app_academy_work/curriculum/html-css/projects/aa_times/skeleton/app/assets/images
  /Users/carlosgarciajr/Documents/programming/app_academy_work/curriculum/html-css/projects/aa_times/skeleton/app/assets/javascripts
  /Users/carlosgarciajr/Documents/programming/app_academy_work/curriculum/html-css/projects/aa_times/skeleton/app/assets/stylesheets
  /Users/carlosgarciajr/Documents/programming/app_academy_work/curriculum/html-css/projects/aa_times/skeleton/vendor/assets/javascripts
  /Users/carlosgarciajr/Documents/programming/app_academy_work/curriculum/html-css/projects/aa_times/skeleton/vendor/assets/stylesheets
  /Users/carlosgarciajr/.rbenv/versions/2.5.1/lib/ruby/gems/2.5.0/gems/jquery-rails-4.4.0/vendor/assets/javascripts
  /Users/carlosgarciajr/.rbenv/versions/2.5.1/lib/ruby/gems/2.5.0/gems/coffee-rails-4.2.2/lib/assets/javascripts
  /Users/carlosgarciajr/.rbenv/versions/2.5.1/lib/ruby/gems/2.5.0/gems/actioncable-5.0.7.2/lib/assets/compiled:
  app/views/layouts/application.html.erb:7:in `_app_views_layouts_application_html_erb___270333905406359367_70279989431840'

Started POST "/__better_errors/927a171e4587d656/variables" for ::1 at 2020-10-12 13:48:14 -0700
Started GET "/" for ::1 at 2020-10-12 13:48:41 -0700
Processing by StaticPagesController#index as HTML
  Rendering static_pages/index.html.erb within layouts/application
  Rendered shared/_main_nav.html.erb (0.2ms)
  Rendered shared/_masthead.html.erb (0.1ms)
  Rendered shared/_sections_nav.html.erb (0.3ms)
  Rendered shared/_search_modal.html.erb (0.3ms)
  Rendered shared/_main_content.html.erb (0.2ms)
  Rendered static_pages/index.html.erb within layouts/application (12.8ms)
Completed 200 OK in 110ms (Views: 107.4ms | ActiveRecord: 0.0ms)


Started GET "/assets/application.self-1237ad35a9ee79bd64030d4638d1fd80f6734c490eb538e0dd01d7af3c16bf40.css?body=1" for ::1 at 2020-10-12 13:48:41 -0700
Started GET "/" for ::1 at 2020-10-12 13:48:43 -0700
Processing by StaticPagesController#index as HTML
  Rendering static_pages/index.html.erb within layouts/application
  Rendered shared/_main_nav.html.erb (0.2ms)
  Rendered shared/_masthead.html.erb (0.2ms)
  Rendered shared/_sections_nav.html.erb (0.2ms)
  Rendered shared/_search_modal.html.erb (0.2ms)
  Rendered shared/_main_content.html.erb (0.2ms)
  Rendered static_pages/index.html.erb within layouts/application (13.1ms)
Completed 200 OK in 33ms (Views: 29.9ms | ActiveRecord: 0.0ms)


Started GET "/" for ::1 at 2020-10-12 13:55:52 -0700
DEPRECATION WARNING: ActiveRecord::Base.raise_in_transactional_callbacks= is deprecated, has no effect and will be removed without replacement. (called from block (3 levels) in <class:Railtie> at /Users/carlosgarciajr/.rbenv/versions/2.5.1/lib/ruby/gems/2.5.0/gems/activerecord-5.0.7.2/lib/active_record/railtie.rb:113)
Processing by StaticPagesController#index as HTML
  Rendering static_pages/index.html.erb within layouts/application
  Rendered shared/_main_nav.html.erb (0.2ms)
  Rendered shared/_masthead.html.erb (0.1ms)
  Rendered shared/_sections_nav.html.erb (0.3ms)
  Rendered shared/_search_modal.html.erb (0.2ms)
  Rendered shared/_main_content.html.erb (0.3ms)
  Rendered static_pages/index.html.erb within layouts/application (14.6ms)
Completed 200 OK in 257ms (Views: 254.8ms | ActiveRecord: 0.0ms)


Started GET "/assets/application.self-758afe40c177e32f890a8b8e23f11571b5d1785af915c0789bd6a19191afc6ab.css?body=1" for ::1 at 2020-10-12 13:55:52 -0700
Started GET "/assets/new_office.jpg" for ::1 at 2020-10-12 13:55:52 -0700
Started GET "/" for ::1 at 2020-10-12 13:56:32 -0700
Processing by StaticPagesController#index as HTML
  Rendering static_pages/index.html.erb within layouts/application
  Rendered shared/_main_nav.html.erb (0.1ms)
  Rendered shared/_masthead.html.erb (0.2ms)
  Rendered shared/_sections_nav.html.erb (0.1ms)
  Rendered shared/_search_modal.html.erb (0.3ms)
  Rendered shared/_main_content.html.erb (0.3ms)
  Rendered static_pages/index.html.erb within layouts/application (12.3ms)
Completed 200 OK in 75ms (Views: 72.8ms | ActiveRecord: 0.0ms)


Started GET "/assets/application.self-e229079662ba64eec2df88cc9898f07a6b5005419aa37c928d3d684a6d58d3e4.css?body=1" for ::1 at 2020-10-12 13:56:32 -0700
Started GET "/assets/new_office.jpg" for ::1 at 2020-10-12 13:56:32 -0700
Started GET "/" for ::1 at 2020-10-12 13:56:33 -0700
Processing by StaticPagesController#index as HTML
  Rendering static_pages/index.html.erb within layouts/application
  Rendered shared/_main_nav.html.erb (0.2ms)
  Rendered shared/_masthead.html.erb (0.2ms)
  Rendered shared/_sections_nav.html.erb (0.2ms)
  Rendered shared/_search_modal.html.erb (0.2ms)
  Rendered shared/_main_content.html.erb (0.2ms)
  Rendered static_pages/index.html.erb within layouts/application (12.9ms)
Completed 200 OK in 34ms (Views: 31.3ms | ActiveRecord: 0.0ms)


Started GET "/assets/new_office.jpg" for ::1 at 2020-10-12 13:56:33 -0700
Started GET "/" for ::1 at 2020-10-12 13:57:15 -0700
Processing by StaticPagesController#index as HTML
  Rendering static_pages/index.html.erb within layouts/application
  Rendered shared/_main_nav.html.erb (0.2ms)
  Rendered shared/_masthead.html.erb (0.2ms)
  Rendered shared/_sections_nav.html.erb (0.2ms)
  Rendered shared/_search_modal.html.erb (0.2ms)
  Rendered shared/_main_content.html.erb (0.3ms)
  Rendered static_pages/index.html.erb within layouts/application (12.6ms)
Completed 200 OK in 92ms (Views: 88.2ms | ActiveRecord: 0.0ms)


Started GET "/assets/application.self-7aae4f884d21c0f895d0e25909b4a3857ca3f7bdd4412baf28bf32a8b1f558b1.css?body=1" for ::1 at 2020-10-12 13:57:15 -0700
Started GET "/assets/new_office.jpg" for ::1 at 2020-10-12 13:57:15 -0700
Started GET "/users/new" for ::1 at 2021-04-08 10:32:00 -0400
DEPRECATION WARNING: ActiveRecord::Base.raise_in_transactional_callbacks= is deprecated, has no effect and will be removed without replacement. (called from block (3 levels) in <class:Railtie> at /Users/ak/.rbenv/versions/2.5.1/lib/ruby/gems/2.5.0/gems/activerecord-5.0.7.2/lib/active_record/railtie.rb:113)
  
ActionController::RoutingError (No route matches [GET] "/users/new"):
  
actionpack (5.0.7.2) lib/action_dispatch/middleware/debug_exceptions.rb:53:in `call'
web-console (3.7.0) lib/web_console/middleware.rb:135:in `call_app'
web-console (3.7.0) lib/web_console/middleware.rb:30:in `block in call'
web-console (3.7.0) lib/web_console/middleware.rb:20:in `catch'
web-console (3.7.0) lib/web_console/middleware.rb:20:in `call'
actionpack (5.0.7.2) lib/action_dispatch/middleware/show_exceptions.rb:31:in `call'
railties (5.0.7.2) lib/rails/rack/logger.rb:36:in `call_app'
railties (5.0.7.2) lib/rails/rack/logger.rb:24:in `block in call'
activesupport (5.0.7.2) lib/active_support/tagged_logging.rb:69:in `block in tagged'
activesupport (5.0.7.2) lib/active_support/tagged_logging.rb:26:in `tagged'
activesupport (5.0.7.2) lib/active_support/tagged_logging.rb:69:in `tagged'
railties (5.0.7.2) lib/rails/rack/logger.rb:24:in `call'
actionpack (5.0.7.2) lib/action_dispatch/middleware/request_id.rb:24:in `call'
rack (2.2.3) lib/rack/method_override.rb:24:in `call'
rack (2.2.3) lib/rack/runtime.rb:22:in `call'
activesupport (5.0.7.2) lib/active_support/cache/strategy/local_cache_middleware.rb:28:in `call'
actionpack (5.0.7.2) lib/action_dispatch/middleware/executor.rb:12:in `call'
rack-livereload (0.3.17) lib/rack/livereload.rb:23:in `_call'
rack-livereload (0.3.17) lib/rack/livereload.rb:14:in `call'
actionpack (5.0.7.2) lib/action_dispatch/middleware/static.rb:136:in `call'
rack (2.2.3) lib/rack/sendfile.rb:110:in `call'
railties (5.0.7.2) lib/rails/engine.rb:522:in `call'
puma (3.12.6) lib/puma/configuration.rb:227:in `call'
puma (3.12.6) lib/puma/server.rb:706:in `handle_request'
puma (3.12.6) lib/puma/server.rb:476:in `process_client'
puma (3.12.6) lib/puma/server.rb:334:in `block in run'
puma (3.12.6) lib/puma/thread_pool.rb:135:in `block in spawn_thread'
  Rendering /Users/ak/.rbenv/versions/2.5.1/lib/ruby/gems/2.5.0/gems/actionpack-5.0.7.2/lib/action_dispatch/middleware/templates/rescues/routing_error.html.erb within rescues/layout
  Rendering /Users/ak/.rbenv/versions/2.5.1/lib/ruby/gems/2.5.0/gems/actionpack-5.0.7.2/lib/action_dispatch/middleware/templates/rescues/_trace.html.erb
  Rendered /Users/ak/.rbenv/versions/2.5.1/lib/ruby/gems/2.5.0/gems/actionpack-5.0.7.2/lib/action_dispatch/middleware/templates/rescues/_trace.html.erb (1.7ms)
  Rendered collection of /Users/ak/.rbenv/versions/2.5.1/lib/ruby/gems/2.5.0/gems/actionpack-5.0.7.2/lib/action_dispatch/middleware/templates/routes/_route.html.erb [1 times] (12.4ms)
  Rendered /Users/ak/.rbenv/versions/2.5.1/lib/ruby/gems/2.5.0/gems/actionpack-5.0.7.2/lib/action_dispatch/middleware/templates/routes/_table.html.erb (15.7ms)
  Rendering /Users/ak/.rbenv/versions/2.5.1/lib/ruby/gems/2.5.0/gems/actionpack-5.0.7.2/lib/action_dispatch/middleware/templates/rescues/_request_and_response.html.erb
  Rendered /Users/ak/.rbenv/versions/2.5.1/lib/ruby/gems/2.5.0/gems/actionpack-5.0.7.2/lib/action_dispatch/middleware/templates/rescues/_request_and_response.html.erb (10.6ms)
  Rendered /Users/ak/.rbenv/versions/2.5.1/lib/ruby/gems/2.5.0/gems/actionpack-5.0.7.2/lib/action_dispatch/middleware/templates/rescues/routing_error.html.erb within rescues/layout (300.1ms)
Started GET "/" for ::1 at 2021-04-08 10:32:06 -0400
Processing by StaticPagesController#index as HTML
  Rendering static_pages/index.html.erb within layouts/application
  Rendered shared/_main_nav.html.erb (0.4ms)
  Rendered shared/_masthead.html.erb (0.4ms)
  Rendered shared/_sections_nav.html.erb (0.4ms)
  Rendered shared/_search_modal.html.erb (0.2ms)
  Rendered shared/_main_content.html.erb (0.3ms)
  Rendered static_pages/index.html.erb within layouts/application (34.4ms)
Completed 200 OK in 1142ms (Views: 1136.6ms | ActiveRecord: 0.0ms)


Started GET "/assets/jquery.self-bd7ddd393353a8d2480a622e80342adf488fb6006d667e8b42e4c0073393abee.js?body=1" for ::1 at 2021-04-08 10:32:07 -0400
Started GET "/assets/components/modal.self-52188644dbb47def5ee35ae02e69eb567ca9b664472357a8a5789dd39032a265.js?body=1" for ::1 at 2021-04-08 10:32:07 -0400
Started GET "/assets/components/sidebar.self-2a1277f850a6fa21e1a974ef5152f177ac05516477d5081d593bb137b3d6808b.js?body=1" for ::1 at 2021-04-08 10:32:07 -0400
Started GET "/assets/jquery_ujs.self-784a997f6726036b1993eb2217c9cb558e1cbb801c6da88105588c56f13b466a.js?body=1" for ::1 at 2021-04-08 10:32:07 -0400
Started GET "/assets/application.self-f571b9db02bf4ed04c38a6a29072ac382f7d4f47db1fab9817aeadb0d8665235.js?body=1" for ::1 at 2021-04-08 10:32:07 -0400
Started GET "/assets/application.self-b56aec5269c08dcdafb922bc25058e13eb92c22b59b8fb3291ce2adf9339b6cf.css?body=1" for ::1 at 2021-04-08 10:32:08 -0400
Started GET "/assets/application.self-b56aec5269c08dcdafb922bc25058e13eb92c22b59b8fb3291ce2adf9339b6cf.css?body=1&livereload=1617892640514" for ::1 at 2021-04-08 10:37:20 -0400
Started GET "/assets/application.self-b56aec5269c08dcdafb922bc25058e13eb92c22b59b8fb3291ce2adf9339b6cf.css?body=1&livereload=1617892640504" for ::1 at 2021-04-08 10:37:20 -0400
Started GET "/assets/application.self-b56aec5269c08dcdafb922bc25058e13eb92c22b59b8fb3291ce2adf9339b6cf.css?body=1&livereload=1617892668541" for ::1 at 2021-04-08 10:37:48 -0400
Started GET "/assets/application.self-b56aec5269c08dcdafb922bc25058e13eb92c22b59b8fb3291ce2adf9339b6cf.css?body=1&livereload=1617892668545" for ::1 at 2021-04-08 10:37:48 -0400
Started GET "/assets/application.self-b56aec5269c08dcdafb922bc25058e13eb92c22b59b8fb3291ce2adf9339b6cf.css?body=1&livereload=1617892680615" for ::1 at 2021-04-08 10:38:00 -0400
Started GET "/assets/application.self-b56aec5269c08dcdafb922bc25058e13eb92c22b59b8fb3291ce2adf9339b6cf.css?body=1&livereload=1617892680617" for ::1 at 2021-04-08 10:38:00 -0400
Started GET "/assets/application.self-b56aec5269c08dcdafb922bc25058e13eb92c22b59b8fb3291ce2adf9339b6cf.css?body=1&livereload=1617892715730" for ::1 at 2021-04-08 10:38:35 -0400
Started GET "/assets/application.self-b56aec5269c08dcdafb922bc25058e13eb92c22b59b8fb3291ce2adf9339b6cf.css?body=1&livereload=1617892715731" for ::1 at 2021-04-08 10:38:35 -0400
Started GET "/assets/application.self-b56aec5269c08dcdafb922bc25058e13eb92c22b59b8fb3291ce2adf9339b6cf.css?body=1&livereload=1617892731770" for ::1 at 2021-04-08 10:38:51 -0400
Started GET "/assets/application.self-b56aec5269c08dcdafb922bc25058e13eb92c22b59b8fb3291ce2adf9339b6cf.css?body=1&livereload=1617892731771" for ::1 at 2021-04-08 10:38:51 -0400
Started GET "/assets/application.self-b56aec5269c08dcdafb922bc25058e13eb92c22b59b8fb3291ce2adf9339b6cf.css?body=1&livereload=1617892823069" for ::1 at 2021-04-08 10:40:23 -0400
Started GET "/assets/application.self-b56aec5269c08dcdafb922bc25058e13eb92c22b59b8fb3291ce2adf9339b6cf.css?body=1&livereload=1617892823071" for ::1 at 2021-04-08 10:40:23 -0400
Started GET "/assets/application.self-b56aec5269c08dcdafb922bc25058e13eb92c22b59b8fb3291ce2adf9339b6cf.css?body=1&livereload=1617892876284" for ::1 at 2021-04-08 10:41:16 -0400
Started GET "/assets/application.self-b56aec5269c08dcdafb922bc25058e13eb92c22b59b8fb3291ce2adf9339b6cf.css?body=1&livereload=1617892876286" for ::1 at 2021-04-08 10:41:16 -0400
Started GET "/assets/application.self-b56aec5269c08dcdafb922bc25058e13eb92c22b59b8fb3291ce2adf9339b6cf.css?body=1&livereload=1617892925424" for ::1 at 2021-04-08 10:42:05 -0400
Started GET "/assets/application.self-b56aec5269c08dcdafb922bc25058e13eb92c22b59b8fb3291ce2adf9339b6cf.css?body=1&livereload=1617892925429" for ::1 at 2021-04-08 10:42:05 -0400
Started GET "/assets/application.self-b56aec5269c08dcdafb922bc25058e13eb92c22b59b8fb3291ce2adf9339b6cf.css?body=1&livereload=1617892935465" for ::1 at 2021-04-08 10:42:15 -0400
Started GET "/assets/application.self-b56aec5269c08dcdafb922bc25058e13eb92c22b59b8fb3291ce2adf9339b6cf.css?body=1&livereload=1617892935468" for ::1 at 2021-04-08 10:42:15 -0400
Started GET "/assets/application.self-b56aec5269c08dcdafb922bc25058e13eb92c22b59b8fb3291ce2adf9339b6cf.css?body=1&livereload=1617892996619" for ::1 at 2021-04-08 10:43:16 -0400
Started GET "/assets/application.self-b56aec5269c08dcdafb922bc25058e13eb92c22b59b8fb3291ce2adf9339b6cf.css?body=1&livereload=1617892996622" for ::1 at 2021-04-08 10:43:16 -0400
Started GET "/assets/application.self-b56aec5269c08dcdafb922bc25058e13eb92c22b59b8fb3291ce2adf9339b6cf.css?body=1&livereload=1617893166258" for ::1 at 2021-04-08 10:46:06 -0400
Started GET "/assets/application.self-b56aec5269c08dcdafb922bc25058e13eb92c22b59b8fb3291ce2adf9339b6cf.css?body=1&livereload=1617893166260" for ::1 at 2021-04-08 10:46:06 -0400
Started GET "/" for ::1 at 2021-04-08 10:49:09 -0400
Processing by StaticPagesController#index as HTML
  Rendering static_pages/index.html.erb within layouts/application
  Rendered shared/_main_nav.html.erb (0.6ms)
  Rendered shared/_masthead.html.erb (1.1ms)
  Rendered shared/_sections_nav.html.erb (0.5ms)
  Rendered shared/_search_modal.html.erb (0.9ms)
  Rendered shared/_main_content.html.erb (0.9ms)
  Rendered static_pages/index.html.erb within layouts/application (49.0ms)
Completed 200 OK in 191ms (Views: 174.4ms | ActiveRecord: 0.0ms)


Started GET "/assets/application.self-d6ecb35cb5650be0b3873d1311f856c1b68fabcb06401d1307a0d043a197318a.css?body=1" for ::1 at 2021-04-08 10:49:10 -0400
Started GET "/" for ::1 at 2021-04-08 10:51:03 -0400
Processing by StaticPagesController#index as HTML
  Rendering static_pages/index.html.erb within layouts/application
  Rendered shared/_main_nav.html.erb (0.6ms)
  Rendered shared/_masthead.html.erb (0.3ms)
  Rendered shared/_sections_nav.html.erb (0.2ms)
  Rendered shared/_search_modal.html.erb (0.3ms)
  Rendered shared/_main_content.html.erb (0.4ms)
  Rendered static_pages/index.html.erb within layouts/application (23.1ms)
Completed 200 OK in 66ms (Views: 59.9ms | ActiveRecord: 0.0ms)


Started GET "/" for ::1 at 2021-04-08 10:55:30 -0400
Processing by StaticPagesController#index as HTML
  Rendering static_pages/index.html.erb within layouts/application
  Rendered shared/_main_nav.html.erb (2.2ms)
  Rendered shared/_masthead.html.erb (0.4ms)
  Rendered shared/_sections_nav.html.erb (0.3ms)
  Rendered shared/_search_modal.html.erb (0.5ms)
  Rendered shared/_main_content.html.erb (0.6ms)
  Rendered static_pages/index.html.erb within layouts/application (33.3ms)
Completed 200 OK in 100ms (Views: 91.7ms | ActiveRecord: 0.0ms)


Started GET "/" for ::1 at 2021-04-08 10:56:43 -0400
Processing by StaticPagesController#index as HTML
  Rendering static_pages/index.html.erb within layouts/application
  Rendered shared/_main_nav.html.erb (0.5ms)
  Rendered shared/_masthead.html.erb (0.4ms)
  Rendered shared/_sections_nav.html.erb (0.6ms)
  Rendered shared/_search_modal.html.erb (0.5ms)
  Rendered shared/_main_content.html.erb (0.4ms)
  Rendered static_pages/index.html.erb within layouts/application (21.3ms)
Completed 200 OK in 118ms (Views: 111.7ms | ActiveRecord: 0.0ms)


Started GET "/" for ::1 at 2021-04-08 10:56:47 -0400
Processing by StaticPagesController#index as HTML
  Rendering static_pages/index.html.erb within layouts/application
  Rendered shared/_main_nav.html.erb (0.7ms)
  Rendered shared/_masthead.html.erb (6.7ms)
  Rendered shared/_sections_nav.html.erb (2.1ms)
  Rendered shared/_search_modal.html.erb (0.9ms)
  Rendered shared/_main_content.html.erb (6.2ms)
  Rendered static_pages/index.html.erb within layouts/application (240.1ms)
Completed 200 OK in 340ms (Views: 331.7ms | ActiveRecord: 0.0ms)


Started GET "/" for ::1 at 2021-04-08 10:57:27 -0400
Processing by StaticPagesController#index as HTML
  Rendering static_pages/index.html.erb within layouts/application
  Rendered shared/_main_nav.html.erb (0.4ms)
  Rendered shared/_masthead.html.erb (0.4ms)
  Rendered shared/_sections_nav.html.erb (0.3ms)
  Rendered shared/_search_modal.html.erb (0.7ms)
  Rendered shared/_main_content.html.erb (0.2ms)
  Rendered static_pages/index.html.erb within layouts/application (24.4ms)
Completed 200 OK in 73ms (Views: 65.1ms | ActiveRecord: 0.0ms)


Started GET "/cats" for ::1 at 2021-04-08 11:03:39 -0400
DEPRECATION WARNING: ActiveRecord::Base.raise_in_transactional_callbacks= is deprecated, has no effect and will be removed without replacement. (called from block (3 levels) in <class:Railtie> at /Users/danielezekiel/.rbenv/versions/2.5.1/lib/ruby/gems/2.5.0/gems/activerecord-5.0.7.2/lib/active_record/railtie.rb:113)
  
ActionController::RoutingError (No route matches [GET] "/cats"):
  
actionpack (5.0.7.2) lib/action_dispatch/middleware/debug_exceptions.rb:53:in `call'
web-console (3.7.0) lib/web_console/middleware.rb:135:in `call_app'
web-console (3.7.0) lib/web_console/middleware.rb:30:in `block in call'
web-console (3.7.0) lib/web_console/middleware.rb:20:in `catch'
web-console (3.7.0) lib/web_console/middleware.rb:20:in `call'
actionpack (5.0.7.2) lib/action_dispatch/middleware/show_exceptions.rb:31:in `call'
railties (5.0.7.2) lib/rails/rack/logger.rb:36:in `call_app'
railties (5.0.7.2) lib/rails/rack/logger.rb:24:in `block in call'
activesupport (5.0.7.2) lib/active_support/tagged_logging.rb:69:in `block in tagged'
activesupport (5.0.7.2) lib/active_support/tagged_logging.rb:26:in `tagged'
activesupport (5.0.7.2) lib/active_support/tagged_logging.rb:69:in `tagged'
railties (5.0.7.2) lib/rails/rack/logger.rb:24:in `call'
actionpack (5.0.7.2) lib/action_dispatch/middleware/request_id.rb:24:in `call'
rack (2.2.3) lib/rack/method_override.rb:24:in `call'
rack (2.2.3) lib/rack/runtime.rb:22:in `call'
activesupport (5.0.7.2) lib/active_support/cache/strategy/local_cache_middleware.rb:28:in `call'
actionpack (5.0.7.2) lib/action_dispatch/middleware/executor.rb:12:in `call'
rack-livereload (0.3.17) lib/rack/livereload.rb:23:in `_call'
rack-livereload (0.3.17) lib/rack/livereload.rb:14:in `call'
actionpack (5.0.7.2) lib/action_dispatch/middleware/static.rb:136:in `call'
rack (2.2.3) lib/rack/sendfile.rb:110:in `call'
railties (5.0.7.2) lib/rails/engine.rb:522:in `call'
puma (3.12.6) lib/puma/configuration.rb:227:in `call'
puma (3.12.6) lib/puma/server.rb:706:in `handle_request'
puma (3.12.6) lib/puma/server.rb:476:in `process_client'
puma (3.12.6) lib/puma/server.rb:334:in `block in run'
puma (3.12.6) lib/puma/thread_pool.rb:135:in `block in spawn_thread'
  Rendering /Users/danielezekiel/.rbenv/versions/2.5.1/lib/ruby/gems/2.5.0/gems/actionpack-5.0.7.2/lib/action_dispatch/middleware/templates/rescues/routing_error.html.erb within rescues/layout
  Rendering /Users/danielezekiel/.rbenv/versions/2.5.1/lib/ruby/gems/2.5.0/gems/actionpack-5.0.7.2/lib/action_dispatch/middleware/templates/rescues/_trace.html.erb
  Rendered /Users/danielezekiel/.rbenv/versions/2.5.1/lib/ruby/gems/2.5.0/gems/actionpack-5.0.7.2/lib/action_dispatch/middleware/templates/rescues/_trace.html.erb (0.7ms)
  Rendered collection of /Users/danielezekiel/.rbenv/versions/2.5.1/lib/ruby/gems/2.5.0/gems/actionpack-5.0.7.2/lib/action_dispatch/middleware/templates/routes/_route.html.erb [1 times] (9.4ms)
  Rendered /Users/danielezekiel/.rbenv/versions/2.5.1/lib/ruby/gems/2.5.0/gems/actionpack-5.0.7.2/lib/action_dispatch/middleware/templates/routes/_table.html.erb (6.6ms)
  Rendering /Users/danielezekiel/.rbenv/versions/2.5.1/lib/ruby/gems/2.5.0/gems/actionpack-5.0.7.2/lib/action_dispatch/middleware/templates/rescues/_request_and_response.html.erb
  Rendered /Users/danielezekiel/.rbenv/versions/2.5.1/lib/ruby/gems/2.5.0/gems/actionpack-5.0.7.2/lib/action_dispatch/middleware/templates/rescues/_request_and_response.html.erb (5.3ms)
  Rendered /Users/danielezekiel/.rbenv/versions/2.5.1/lib/ruby/gems/2.5.0/gems/actionpack-5.0.7.2/lib/action_dispatch/middleware/templates/rescues/routing_error.html.erb within rescues/layout (146.7ms)
Started GET "/" for ::1 at 2021-04-08 11:03:41 -0400
Processing by StaticPagesController#index as HTML
  Rendering static_pages/index.html.erb within layouts/application
  Rendered shared/_main_nav.html.erb (0.4ms)
  Rendered shared/_masthead.html.erb (0.3ms)
  Rendered shared/_sections_nav.html.erb (0.3ms)
  Rendered shared/_search_modal.html.erb (0.3ms)
  Rendered shared/_main_content.html.erb (0.3ms)
  Rendered static_pages/index.html.erb within layouts/application (32.3ms)
Completed 200 OK in 609ms (Views: 605.7ms | ActiveRecord: 0.0ms)


Started GET "/assets/application.self-6ae133fdac18752e8dbcaf2b17dc0532117c7cb5a4560f2de068cc7e0ef55712.css?body=1" for ::1 at 2021-04-08 11:03:42 -0400
Started GET "/assets/jquery.self-bd7ddd393353a8d2480a622e80342adf488fb6006d667e8b42e4c0073393abee.js?body=1" for ::1 at 2021-04-08 11:03:42 -0400
Started GET "/assets/jquery_ujs.self-784a997f6726036b1993eb2217c9cb558e1cbb801c6da88105588c56f13b466a.js?body=1" for ::1 at 2021-04-08 11:03:42 -0400
Started GET "/assets/application.self-f571b9db02bf4ed04c38a6a29072ac382f7d4f47db1fab9817aeadb0d8665235.js?body=1" for ::1 at 2021-04-08 11:03:42 -0400
Started GET "/assets/components/sidebar.self-2a1277f850a6fa21e1a974ef5152f177ac05516477d5081d593bb137b3d6808b.js?body=1" for ::1 at 2021-04-08 11:03:42 -0400
Started GET "/assets/components/modal.self-52188644dbb47def5ee35ae02e69eb567ca9b664472357a8a5789dd39032a265.js?body=1" for ::1 at 2021-04-08 11:03:42 -0400
Started GET "/" for ::1 at 2021-04-08 11:04:20 -0400
Processing by StaticPagesController#index as HTML
  Rendering static_pages/index.html.erb within layouts/application
  Rendered shared/_main_nav.html.erb (0.3ms)
  Rendered shared/_masthead.html.erb (0.2ms)
  Rendered shared/_sections_nav.html.erb (0.3ms)
  Rendered shared/_search_modal.html.erb (0.2ms)
  Rendered shared/_main_content.html.erb (0.2ms)
  Rendered static_pages/index.html.erb within layouts/application (12.9ms)
Completed 200 OK in 34ms (Views: 30.8ms | ActiveRecord: 0.0ms)


Started GET "/" for ::1 at 2021-04-08 11:04:25 -0400
Processing by StaticPagesController#index as HTML
  Rendering static_pages/index.html.erb within layouts/application
  Rendered shared/_main_nav.html.erb (0.2ms)
  Rendered shared/_masthead.html.erb (0.2ms)
  Rendered shared/_sections_nav.html.erb (0.2ms)
  Rendered shared/_search_modal.html.erb (0.2ms)
  Rendered shared/_main_content.html.erb (0.2ms)
  Rendered static_pages/index.html.erb within layouts/application (13.4ms)
Completed 200 OK in 34ms (Views: 31.4ms | ActiveRecord: 0.0ms)


Started GET "/" for ::1 at 2021-04-08 11:04:27 -0400
Processing by StaticPagesController#index as HTML
  Rendering static_pages/index.html.erb within layouts/application
  Rendered shared/_main_nav.html.erb (0.3ms)
  Rendered shared/_masthead.html.erb (0.2ms)
  Rendered shared/_sections_nav.html.erb (0.3ms)
  Rendered shared/_search_modal.html.erb (0.3ms)
  Rendered shared/_main_content.html.erb (0.2ms)
  Rendered static_pages/index.html.erb within layouts/application (13.9ms)
Completed 200 OK in 35ms (Views: 32.0ms | ActiveRecord: 0.0ms)


Started GET "/" for ::1 at 2021-04-08 11:04:36 -0400
Processing by StaticPagesController#index as HTML
  Rendering static_pages/index.html.erb within layouts/application
  Rendered shared/_main_nav.html.erb (0.3ms)
  Rendered shared/_masthead.html.erb (0.4ms)
  Rendered shared/_sections_nav.html.erb (0.3ms)
  Rendered shared/_search_modal.html.erb (0.3ms)
  Rendered shared/_main_content.html.erb (0.2ms)
  Rendered static_pages/index.html.erb within layouts/application (14.8ms)
Completed 200 OK in 37ms (Views: 34.4ms | ActiveRecord: 0.0ms)


Started GET "/" for ::1 at 2021-04-08 11:04:46 -0400
Processing by StaticPagesController#index as HTML
  Rendering static_pages/index.html.erb within layouts/application
  Rendered shared/_main_nav.html.erb (0.5ms)
  Rendered shared/_masthead.html.erb (0.3ms)
  Rendered shared/_sections_nav.html.erb (0.2ms)
  Rendered shared/_search_modal.html.erb (0.2ms)
  Rendered shared/_main_content.html.erb (0.2ms)
  Rendered static_pages/index.html.erb within layouts/application (14.6ms)
Completed 200 OK in 41ms (Views: 38.2ms | ActiveRecord: 0.0ms)


Started GET "/" for ::1 at 2021-04-08 11:04:50 -0400
Processing by StaticPagesController#index as HTML
  Rendering static_pages/index.html.erb within layouts/application
  Rendered shared/_main_nav.html.erb (0.6ms)
  Rendered shared/_masthead.html.erb (0.4ms)
  Rendered shared/_sections_nav.html.erb (0.2ms)
  Rendered shared/_search_modal.html.erb (0.2ms)
  Rendered shared/_main_content.html.erb (0.2ms)
  Rendered static_pages/index.html.erb within layouts/application (15.4ms)
Completed 200 OK in 41ms (Views: 38.1ms | ActiveRecord: 0.0ms)


Started GET "/" for ::1 at 2021-04-08 11:04:55 -0400
Processing by StaticPagesController#index as HTML
  Rendering static_pages/index.html.erb within layouts/application
  Rendered shared/_main_nav.html.erb (0.4ms)
  Rendered shared/_masthead.html.erb (0.5ms)
  Rendered shared/_sections_nav.html.erb (0.2ms)
  Rendered shared/_search_modal.html.erb (0.3ms)
  Rendered shared/_main_content.html.erb (0.3ms)
  Rendered static_pages/index.html.erb within layouts/application (16.9ms)
Completed 200 OK in 45ms (Views: 40.2ms | ActiveRecord: 0.0ms)


Started GET "/" for ::1 at 2021-04-08 11:04:57 -0400
Processing by StaticPagesController#index as HTML
  Rendering static_pages/index.html.erb within layouts/application
  Rendered shared/_main_nav.html.erb (0.2ms)
  Rendered shared/_masthead.html.erb (0.2ms)
  Rendered shared/_sections_nav.html.erb (0.3ms)
  Rendered shared/_search_modal.html.erb (0.2ms)
  Rendered shared/_main_content.html.erb (0.2ms)
  Rendered static_pages/index.html.erb within layouts/application (13.5ms)
Completed 200 OK in 36ms (Views: 33.6ms | ActiveRecord: 0.0ms)


Started GET "/" for ::1 at 2021-04-08 11:04:58 -0400
Processing by StaticPagesController#index as HTML
  Rendering static_pages/index.html.erb within layouts/application
  Rendered shared/_main_nav.html.erb (0.3ms)
  Rendered shared/_masthead.html.erb (0.6ms)
  Rendered shared/_sections_nav.html.erb (0.3ms)
  Rendered shared/_search_modal.html.erb (0.2ms)
  Rendered shared/_main_content.html.erb (0.8ms)
  Rendered static_pages/index.html.erb within layouts/application (16.5ms)
Completed 200 OK in 43ms (Views: 40.7ms | ActiveRecord: 0.0ms)


Started GET "/" for ::1 at 2021-04-08 11:05:09 -0400
Processing by StaticPagesController#index as HTML
  Rendering static_pages/index.html.erb within layouts/application
  Rendered shared/_main_nav.html.erb (0.3ms)
  Rendered shared/_masthead.html.erb (0.3ms)
  Rendered shared/_sections_nav.html.erb (0.6ms)
  Rendered shared/_search_modal.html.erb (0.4ms)
  Rendered shared/_main_content.html.erb (0.3ms)
  Rendered static_pages/index.html.erb within layouts/application (16.9ms)
Completed 200 OK in 41ms (Views: 38.3ms | ActiveRecord: 0.0ms)


Started GET "/" for ::1 at 2021-04-08 11:05:11 -0400
Processing by StaticPagesController#index as HTML
  Rendering static_pages/index.html.erb within layouts/application
  Rendered shared/_main_nav.html.erb (0.3ms)
  Rendered shared/_masthead.html.erb (0.2ms)
  Rendered shared/_sections_nav.html.erb (0.2ms)
  Rendered shared/_search_modal.html.erb (0.2ms)
  Rendered shared/_main_content.html.erb (0.2ms)
  Rendered static_pages/index.html.erb within layouts/application (14.1ms)
Completed 200 OK in 35ms (Views: 31.4ms | ActiveRecord: 0.0ms)


Started GET "/" for ::1 at 2021-04-08 11:05:14 -0400
Processing by StaticPagesController#index as HTML
  Rendering static_pages/index.html.erb within layouts/application
  Rendered shared/_main_nav.html.erb (0.3ms)
  Rendered shared/_masthead.html.erb (0.2ms)
  Rendered shared/_sections_nav.html.erb (0.3ms)
  Rendered shared/_search_modal.html.erb (0.3ms)
  Rendered shared/_main_content.html.erb (0.3ms)
  Rendered static_pages/index.html.erb within layouts/application (14.1ms)
Completed 200 OK in 37ms (Views: 33.4ms | ActiveRecord: 0.0ms)


Started GET "/" for ::1 at 2021-04-08 11:05:16 -0400
Processing by StaticPagesController#index as HTML
  Rendering static_pages/index.html.erb within layouts/application
  Rendered shared/_main_nav.html.erb (0.3ms)
  Rendered shared/_masthead.html.erb (0.3ms)
  Rendered shared/_sections_nav.html.erb (0.2ms)
  Rendered shared/_search_modal.html.erb (0.2ms)
  Rendered shared/_main_content.html.erb (0.2ms)
  Rendered static_pages/index.html.erb within layouts/application (14.2ms)
Completed 200 OK in 33ms (Views: 30.3ms | ActiveRecord: 0.0ms)


Started GET "/" for ::1 at 2021-04-08 11:05:17 -0400
Processing by StaticPagesController#index as HTML
  Rendering static_pages/index.html.erb within layouts/application
  Rendered shared/_main_nav.html.erb (0.4ms)
  Rendered shared/_masthead.html.erb (0.3ms)
  Rendered shared/_sections_nav.html.erb (0.3ms)
  Rendered shared/_search_modal.html.erb (0.2ms)
  Rendered shared/_main_content.html.erb (0.2ms)
  Rendered static_pages/index.html.erb within layouts/application (14.9ms)
Completed 200 OK in 34ms (Views: 31.2ms | ActiveRecord: 0.0ms)


Started GET "/" for ::1 at 2021-04-08 11:05:19 -0400
Processing by StaticPagesController#index as HTML
  Rendering static_pages/index.html.erb within layouts/application
  Rendered shared/_main_nav.html.erb (0.3ms)
  Rendered shared/_masthead.html.erb (0.2ms)
  Rendered shared/_sections_nav.html.erb (0.2ms)
  Rendered shared/_search_modal.html.erb (0.3ms)
  Rendered shared/_main_content.html.erb (0.2ms)
  Rendered static_pages/index.html.erb within layouts/application (14.7ms)
Completed 200 OK in 33ms (Views: 30.6ms | ActiveRecord: 0.0ms)


Started GET "/" for ::1 at 2021-04-08 11:05:23 -0400
Processing by StaticPagesController#index as HTML
  Rendering static_pages/index.html.erb within layouts/application
  Rendered shared/_main_nav.html.erb (0.3ms)
  Rendered shared/_masthead.html.erb (0.3ms)
  Rendered shared/_sections_nav.html.erb (0.5ms)
  Rendered shared/_search_modal.html.erb (0.4ms)
  Rendered shared/_main_content.html.erb (0.2ms)
  Rendered static_pages/index.html.erb within layouts/application (18.4ms)
Completed 200 OK in 39ms (Views: 36.5ms | ActiveRecord: 0.0ms)


Started GET "/" for ::1 at 2021-04-08 11:05:24 -0400
Processing by StaticPagesController#index as HTML
  Rendering static_pages/index.html.erb within layouts/application
  Rendered shared/_main_nav.html.erb (0.3ms)
  Rendered shared/_masthead.html.erb (0.2ms)
  Rendered shared/_sections_nav.html.erb (0.6ms)
  Rendered shared/_search_modal.html.erb (0.3ms)
  Rendered shared/_main_content.html.erb (0.3ms)
  Rendered static_pages/index.html.erb within layouts/application (15.2ms)
Completed 200 OK in 36ms (Views: 33.1ms | ActiveRecord: 0.0ms)


Started GET "/" for ::1 at 2021-04-08 11:05:29 -0400
Processing by StaticPagesController#index as HTML
  Rendering static_pages/index.html.erb within layouts/application
  Rendered shared/_main_nav.html.erb (0.5ms)
  Rendered shared/_masthead.html.erb (0.3ms)
  Rendered shared/_sections_nav.html.erb (0.3ms)
  Rendered shared/_search_modal.html.erb (0.3ms)
  Rendered shared/_main_content.html.erb (0.3ms)
  Rendered static_pages/index.html.erb within layouts/application (16.8ms)
Completed 200 OK in 42ms (Views: 38.6ms | ActiveRecord: 0.0ms)


Started GET "/" for ::1 at 2021-04-08 11:05:31 -0400
Processing by StaticPagesController#index as HTML
  Rendering static_pages/index.html.erb within layouts/application
  Rendered shared/_main_nav.html.erb (0.3ms)
  Rendered shared/_masthead.html.erb (0.3ms)
  Rendered shared/_sections_nav.html.erb (0.3ms)
  Rendered shared/_search_modal.html.erb (0.2ms)
  Rendered shared/_main_content.html.erb (0.2ms)
  Rendered static_pages/index.html.erb within layouts/application (14.3ms)
Completed 200 OK in 34ms (Views: 30.7ms | ActiveRecord: 0.0ms)


Started GET "/" for ::1 at 2021-04-08 11:05:32 -0400
Processing by StaticPagesController#index as HTML
  Rendering static_pages/index.html.erb within layouts/application
  Rendered shared/_main_nav.html.erb (0.3ms)
  Rendered shared/_masthead.html.erb (0.2ms)
  Rendered shared/_sections_nav.html.erb (0.3ms)
  Rendered shared/_search_modal.html.erb (0.2ms)
  Rendered shared/_main_content.html.erb (0.2ms)
  Rendered static_pages/index.html.erb within layouts/application (15.5ms)
Completed 200 OK in 36ms (Views: 32.6ms | ActiveRecord: 0.0ms)


Started GET "/" for ::1 at 2021-04-08 11:05:38 -0400
Processing by StaticPagesController#index as HTML
  Rendering static_pages/index.html.erb within layouts/application
  Rendered shared/_main_nav.html.erb (0.5ms)
  Rendered shared/_masthead.html.erb (0.3ms)
  Rendered shared/_sections_nav.html.erb (0.4ms)
  Rendered shared/_search_modal.html.erb (0.2ms)
  Rendered shared/_main_content.html.erb (0.3ms)
  Rendered static_pages/index.html.erb within layouts/application (15.5ms)
Completed 200 OK in 40ms (Views: 36.2ms | ActiveRecord: 0.0ms)


Started GET "/" for ::1 at 2021-04-08 11:05:50 -0400
Processing by StaticPagesController#index as HTML
  Rendering static_pages/index.html.erb within layouts/application
  Rendered shared/_main_nav.html.erb (0.4ms)
  Rendered shared/_masthead.html.erb (0.3ms)
  Rendered shared/_sections_nav.html.erb (0.3ms)
  Rendered shared/_search_modal.html.erb (0.3ms)
  Rendered shared/_main_content.html.erb (0.2ms)
  Rendered static_pages/index.html.erb within layouts/application (14.4ms)
Completed 200 OK in 43ms (Views: 39.6ms | ActiveRecord: 0.0ms)


Started GET "/" for ::1 at 2021-04-08 11:05:57 -0400
Processing by StaticPagesController#index as HTML
  Rendering static_pages/index.html.erb within layouts/application
  Rendered shared/_main_nav.html.erb (0.4ms)
  Rendered shared/_masthead.html.erb (0.4ms)
  Rendered shared/_sections_nav.html.erb (0.2ms)
  Rendered shared/_search_modal.html.erb (0.2ms)
  Rendered shared/_main_content.html.erb (0.2ms)
  Rendered static_pages/index.html.erb within layouts/application (15.5ms)
Completed 200 OK in 41ms (Views: 38.1ms | ActiveRecord: 0.0ms)


Started GET "/" for ::1 at 2021-04-08 11:06:03 -0400
Processing by StaticPagesController#index as HTML
  Rendering static_pages/index.html.erb within layouts/application
  Rendered shared/_main_nav.html.erb (0.4ms)
  Rendered shared/_masthead.html.erb (0.2ms)
  Rendered shared/_sections_nav.html.erb (0.3ms)
  Rendered shared/_search_modal.html.erb (0.2ms)
  Rendered shared/_main_content.html.erb (0.3ms)
  Rendered static_pages/index.html.erb within layouts/application (31.1ms)
Completed 200 OK in 51ms (Views: 48.1ms | ActiveRecord: 0.0ms)


Started GET "/" for ::1 at 2021-04-08 11:06:13 -0400
Processing by StaticPagesController#index as HTML
  Rendering static_pages/index.html.erb within layouts/application
  Rendered shared/_main_nav.html.erb (0.2ms)
  Rendered shared/_masthead.html.erb (0.2ms)
  Rendered shared/_sections_nav.html.erb (0.3ms)
  Rendered shared/_search_modal.html.erb (0.3ms)
  Rendered shared/_main_content.html.erb (0.3ms)
  Rendered static_pages/index.html.erb within layouts/application (15.3ms)
Completed 200 OK in 37ms (Views: 34.3ms | ActiveRecord: 0.0ms)


Started GET "/" for ::1 at 2021-04-08 11:06:14 -0400
Processing by StaticPagesController#index as HTML
  Rendering static_pages/index.html.erb within layouts/application
  Rendered shared/_main_nav.html.erb (0.4ms)
  Rendered shared/_masthead.html.erb (0.3ms)
  Rendered shared/_sections_nav.html.erb (0.2ms)
  Rendered shared/_search_modal.html.erb (0.2ms)
  Rendered shared/_main_content.html.erb (0.5ms)
  Rendered static_pages/index.html.erb within layouts/application (14.4ms)
Completed 200 OK in 42ms (Views: 39.2ms | ActiveRecord: 0.0ms)


Started GET "/" for ::1 at 2021-04-08 11:06:18 -0400
Processing by StaticPagesController#index as HTML
  Rendering static_pages/index.html.erb within layouts/application
  Rendered shared/_main_nav.html.erb (0.5ms)
  Rendered shared/_masthead.html.erb (0.3ms)
  Rendered shared/_sections_nav.html.erb (0.3ms)
  Rendered shared/_search_modal.html.erb (0.3ms)
  Rendered shared/_main_content.html.erb (0.3ms)
  Rendered static_pages/index.html.erb within layouts/application (15.7ms)
Completed 200 OK in 37ms (Views: 34.2ms | ActiveRecord: 0.0ms)


Started GET "/" for ::1 at 2021-04-08 11:06:22 -0400
Processing by StaticPagesController#index as HTML
  Rendering static_pages/index.html.erb within layouts/application
  Rendered shared/_main_nav.html.erb (0.3ms)
  Rendered shared/_masthead.html.erb (0.3ms)
  Rendered shared/_sections_nav.html.erb (0.2ms)
  Rendered shared/_search_modal.html.erb (0.2ms)
  Rendered shared/_main_content.html.erb (0.2ms)
  Rendered static_pages/index.html.erb within layouts/application (13.8ms)
Completed 200 OK in 32ms (Views: 30.0ms | ActiveRecord: 0.0ms)


Started GET "/" for ::1 at 2021-04-08 11:06:28 -0400
Processing by StaticPagesController#index as HTML
  Rendering static_pages/index.html.erb within layouts/application
  Rendered shared/_main_nav.html.erb (0.4ms)
  Rendered shared/_masthead.html.erb (0.3ms)
  Rendered shared/_sections_nav.html.erb (0.3ms)
  Rendered shared/_search_modal.html.erb (0.2ms)
  Rendered shared/_main_content.html.erb (0.2ms)
  Rendered static_pages/index.html.erb within layouts/application (14.3ms)
Completed 200 OK in 33ms (Views: 30.4ms | ActiveRecord: 0.0ms)


Started GET "/" for ::1 at 2021-04-08 11:06:29 -0400
Processing by StaticPagesController#index as HTML
  Rendering static_pages/index.html.erb within layouts/application
  Rendered shared/_main_nav.html.erb (0.2ms)
  Rendered shared/_masthead.html.erb (0.2ms)
  Rendered shared/_sections_nav.html.erb (0.2ms)
  Rendered shared/_search_modal.html.erb (0.1ms)
  Rendered shared/_main_content.html.erb (0.2ms)
  Rendered static_pages/index.html.erb within layouts/application (11.7ms)
Completed 200 OK in 31ms (Views: 28.7ms | ActiveRecord: 0.0ms)


Started GET "/" for ::1 at 2021-04-08 11:06:34 -0400
Processing by StaticPagesController#index as HTML
  Rendering static_pages/index.html.erb within layouts/application
  Rendered shared/_main_nav.html.erb (0.4ms)
  Rendered shared/_masthead.html.erb (0.4ms)
  Rendered shared/_sections_nav.html.erb (0.3ms)
  Rendered shared/_search_modal.html.erb (0.3ms)
  Rendered shared/_main_content.html.erb (0.3ms)
  Rendered static_pages/index.html.erb within layouts/application (16.4ms)
Completed 200 OK in 37ms (Views: 34.5ms | ActiveRecord: 0.0ms)


Started GET "/" for ::1 at 2021-04-08 11:06:36 -0400
Processing by StaticPagesController#index as HTML
  Rendering static_pages/index.html.erb within layouts/application
  Rendered shared/_main_nav.html.erb (0.3ms)
  Rendered shared/_masthead.html.erb (0.3ms)
  Rendered shared/_sections_nav.html.erb (0.3ms)
  Rendered shared/_search_modal.html.erb (0.3ms)
  Rendered shared/_main_content.html.erb (0.2ms)
  Rendered static_pages/index.html.erb within layouts/application (15.0ms)
Completed 200 OK in 35ms (Views: 32.2ms | ActiveRecord: 0.0ms)


Started GET "/" for ::1 at 2021-04-08 11:06:37 -0400
Processing by StaticPagesController#index as HTML
  Rendering static_pages/index.html.erb within layouts/application
  Rendered shared/_main_nav.html.erb (0.3ms)
  Rendered shared/_masthead.html.erb (0.2ms)
  Rendered shared/_sections_nav.html.erb (0.2ms)
  Rendered shared/_search_modal.html.erb (0.3ms)
  Rendered shared/_main_content.html.erb (0.3ms)
  Rendered static_pages/index.html.erb within layouts/application (14.4ms)
Completed 200 OK in 33ms (Views: 30.8ms | ActiveRecord: 0.0ms)


Started GET "/" for ::1 at 2021-04-08 11:08:08 -0400
Processing by StaticPagesController#index as HTML
  Rendering static_pages/index.html.erb within layouts/application
  Rendered shared/_main_nav.html.erb (0.4ms)
  Rendered shared/_masthead.html.erb (0.3ms)
  Rendered shared/_sections_nav.html.erb (0.3ms)
  Rendered shared/_search_modal.html.erb (0.4ms)
  Rendered shared/_main_content.html.erb (0.3ms)
  Rendered static_pages/index.html.erb within layouts/application (14.8ms)
Completed 200 OK in 43ms (Views: 39.4ms | ActiveRecord: 0.0ms)


Started GET "/" for ::1 at 2021-04-08 11:08:11 -0400
Processing by StaticPagesController#index as HTML
  Rendering static_pages/index.html.erb within layouts/application
  Rendered shared/_main_nav.html.erb (0.3ms)
  Rendered shared/_masthead.html.erb (0.2ms)
  Rendered shared/_sections_nav.html.erb (0.3ms)
  Rendered shared/_search_modal.html.erb (0.3ms)
  Rendered shared/_main_content.html.erb (0.2ms)
  Rendered static_pages/index.html.erb within layouts/application (13.9ms)
Completed 200 OK in 37ms (Views: 34.5ms | ActiveRecord: 0.0ms)


Started GET "/" for ::1 at 2021-04-08 11:08:17 -0400
Processing by StaticPagesController#index as HTML
  Rendering static_pages/index.html.erb within layouts/application
  Rendered shared/_main_nav.html.erb (0.3ms)
  Rendered shared/_masthead.html.erb (0.2ms)
  Rendered shared/_sections_nav.html.erb (0.2ms)
  Rendered shared/_search_modal.html.erb (0.3ms)
  Rendered shared/_main_content.html.erb (0.2ms)
  Rendered static_pages/index.html.erb within layouts/application (13.8ms)
Completed 200 OK in 33ms (Views: 30.7ms | ActiveRecord: 0.0ms)


Started GET "/" for ::1 at 2021-04-08 11:08:20 -0400
Processing by StaticPagesController#index as HTML
  Rendering static_pages/index.html.erb within layouts/application
  Rendered shared/_main_nav.html.erb (0.4ms)
  Rendered shared/_masthead.html.erb (0.3ms)
  Rendered shared/_sections_nav.html.erb (0.3ms)
  Rendered shared/_search_modal.html.erb (0.3ms)
  Rendered shared/_main_content.html.erb (0.3ms)
  Rendered static_pages/index.html.erb within layouts/application (14.4ms)
Completed 200 OK in 34ms (Views: 31.5ms | ActiveRecord: 0.0ms)


Started GET "/" for ::1 at 2021-04-08 11:08:45 -0400
Processing by StaticPagesController#index as HTML
  Rendering static_pages/index.html.erb within layouts/application
  Rendered shared/_main_nav.html.erb (0.4ms)
  Rendered shared/_masthead.html.erb (0.4ms)
  Rendered shared/_sections_nav.html.erb (0.3ms)
  Rendered shared/_search_modal.html.erb (0.2ms)
  Rendered shared/_main_content.html.erb (0.2ms)
  Rendered static_pages/index.html.erb within layouts/application (18.3ms)
Completed 200 OK in 40ms (Views: 37.0ms | ActiveRecord: 0.0ms)


Started GET "/" for ::1 at 2021-04-08 11:08:46 -0400
Processing by StaticPagesController#index as HTML
  Rendering static_pages/index.html.erb within layouts/application
  Rendered shared/_main_nav.html.erb (0.2ms)
  Rendered shared/_masthead.html.erb (0.5ms)
  Rendered shared/_sections_nav.html.erb (0.4ms)
  Rendered shared/_search_modal.html.erb (0.3ms)
  Rendered shared/_main_content.html.erb (0.3ms)
  Rendered static_pages/index.html.erb within layouts/application (15.8ms)
Completed 200 OK in 39ms (Views: 36.9ms | ActiveRecord: 0.0ms)


Started GET "/" for ::1 at 2021-04-08 11:09:01 -0400
Processing by StaticPagesController#index as HTML
  Rendering static_pages/index.html.erb within layouts/application
  Rendered shared/_main_nav.html.erb (0.3ms)
  Rendered shared/_masthead.html.erb (0.3ms)
  Rendered shared/_sections_nav.html.erb (0.2ms)
  Rendered shared/_search_modal.html.erb (0.2ms)
  Rendered shared/_main_content.html.erb (0.2ms)
  Rendered static_pages/index.html.erb within layouts/application (13.8ms)
Completed 200 OK in 33ms (Views: 30.8ms | ActiveRecord: 0.0ms)


Started GET "/" for ::1 at 2021-04-08 11:09:05 -0400
Processing by StaticPagesController#index as HTML
  Rendering static_pages/index.html.erb within layouts/application
  Rendered shared/_main_nav.html.erb (0.5ms)
  Rendered shared/_masthead.html.erb (0.3ms)
  Rendered shared/_sections_nav.html.erb (0.3ms)
  Rendered shared/_search_modal.html.erb (0.4ms)
  Rendered shared/_main_content.html.erb (0.3ms)
  Rendered static_pages/index.html.erb within layouts/application (15.2ms)
Completed 200 OK in 36ms (Views: 33.9ms | ActiveRecord: 0.0ms)


Started GET "/" for ::1 at 2021-04-08 11:09:06 -0400
Processing by StaticPagesController#index as HTML
  Rendering static_pages/index.html.erb within layouts/application
  Rendered shared/_main_nav.html.erb (0.4ms)
  Rendered shared/_masthead.html.erb (0.3ms)
  Rendered shared/_sections_nav.html.erb (0.2ms)
  Rendered shared/_search_modal.html.erb (0.2ms)
  Rendered shared/_main_content.html.erb (0.4ms)
  Rendered static_pages/index.html.erb within layouts/application (14.7ms)
Completed 200 OK in 36ms (Views: 33.4ms | ActiveRecord: 0.0ms)


Started GET "/" for ::1 at 2021-04-08 11:09:08 -0400
Processing by StaticPagesController#index as HTML
  Rendering static_pages/index.html.erb within layouts/application
  Rendered shared/_main_nav.html.erb (0.3ms)
  Rendered shared/_masthead.html.erb (0.3ms)
  Rendered shared/_sections_nav.html.erb (0.2ms)
  Rendered shared/_search_modal.html.erb (0.3ms)
  Rendered shared/_main_content.html.erb (0.4ms)
  Rendered static_pages/index.html.erb within layouts/application (16.8ms)
Completed 200 OK in 39ms (Views: 35.7ms | ActiveRecord: 0.0ms)


Started GET "/" for ::1 at 2021-04-08 11:09:18 -0400
Processing by StaticPagesController#index as HTML
  Rendering static_pages/index.html.erb within layouts/application
  Rendered shared/_main_nav.html.erb (0.3ms)
  Rendered shared/_masthead.html.erb (0.3ms)
  Rendered shared/_sections_nav.html.erb (0.4ms)
  Rendered shared/_search_modal.html.erb (0.2ms)
  Rendered shared/_main_content.html.erb (0.2ms)
  Rendered static_pages/index.html.erb within layouts/application (16.0ms)
Completed 200 OK in 38ms (Views: 35.6ms | ActiveRecord: 0.0ms)


Started GET "/" for ::1 at 2021-04-08 11:09:25 -0400
Processing by StaticPagesController#index as HTML
  Rendering static_pages/index.html.erb within layouts/application
  Rendered shared/_main_nav.html.erb (0.4ms)
  Rendered shared/_masthead.html.erb (0.2ms)
  Rendered shared/_sections_nav.html.erb (0.2ms)
  Rendered shared/_search_modal.html.erb (0.2ms)
  Rendered shared/_main_content.html.erb (0.3ms)
  Rendered static_pages/index.html.erb within layouts/application (13.6ms)
Completed 200 OK in 37ms (Views: 33.9ms | ActiveRecord: 0.0ms)


Started GET "/" for ::1 at 2021-04-08 11:09:32 -0400
Processing by StaticPagesController#index as HTML
  Rendering static_pages/index.html.erb within layouts/application
  Rendered shared/_main_nav.html.erb (0.4ms)
  Rendered shared/_masthead.html.erb (0.2ms)
  Rendered shared/_sections_nav.html.erb (0.3ms)
  Rendered shared/_search_modal.html.erb (0.2ms)
  Rendered shared/_main_content.html.erb (0.3ms)
  Rendered static_pages/index.html.erb within layouts/application (12.9ms)
Completed 200 OK in 32ms (Views: 28.8ms | ActiveRecord: 0.0ms)


Started GET "/" for ::1 at 2021-04-08 11:09:33 -0400
Processing by StaticPagesController#index as HTML
  Rendering static_pages/index.html.erb within layouts/application
  Rendered shared/_main_nav.html.erb (0.3ms)
  Rendered shared/_masthead.html.erb (0.3ms)
  Rendered shared/_sections_nav.html.erb (0.2ms)
  Rendered shared/_search_modal.html.erb (0.3ms)
  Rendered shared/_main_content.html.erb (0.3ms)
  Rendered static_pages/index.html.erb within layouts/application (14.0ms)
Completed 200 OK in 33ms (Views: 29.7ms | ActiveRecord: 0.0ms)


Started GET "/assets/application.self-6ae133fdac18752e8dbcaf2b17dc0532117c7cb5a4560f2de068cc7e0ef55712.css?body=1&livereload=1617894823522" for ::1 at 2021-04-08 11:13:43 -0400
Started GET "/assets/application.self-6ae133fdac18752e8dbcaf2b17dc0532117c7cb5a4560f2de068cc7e0ef55712.css?body=1&livereload=1617894823524" for ::1 at 2021-04-08 11:13:43 -0400
Started GET "/assets/application.self-6ae133fdac18752e8dbcaf2b17dc0532117c7cb5a4560f2de068cc7e0ef55712.css?body=1&livereload=1617894824543" for ::1 at 2021-04-08 11:13:44 -0400
Started GET "/assets/application.self-6ae133fdac18752e8dbcaf2b17dc0532117c7cb5a4560f2de068cc7e0ef55712.css?body=1&livereload=1617894824544" for ::1 at 2021-04-08 11:13:44 -0400
Started GET "/assets/application.self-6ae133fdac18752e8dbcaf2b17dc0532117c7cb5a4560f2de068cc7e0ef55712.css?body=1&livereload=1617894827606" for ::1 at 2021-04-08 11:13:47 -0400
Started GET "/assets/application.self-6ae133fdac18752e8dbcaf2b17dc0532117c7cb5a4560f2de068cc7e0ef55712.css?body=1&livereload=1617894827607" for ::1 at 2021-04-08 11:13:47 -0400
Started GET "/assets/application.self-6ae133fdac18752e8dbcaf2b17dc0532117c7cb5a4560f2de068cc7e0ef55712.css?body=1&livereload=1617894843666" for ::1 at 2021-04-08 11:14:03 -0400
Started GET "/assets/application.self-6ae133fdac18752e8dbcaf2b17dc0532117c7cb5a4560f2de068cc7e0ef55712.css?body=1&livereload=1617894843667" for ::1 at 2021-04-08 11:14:03 -0400
Started GET "/assets/application.self-6ae133fdac18752e8dbcaf2b17dc0532117c7cb5a4560f2de068cc7e0ef55712.css?body=1&livereload=1617894844595" for ::1 at 2021-04-08 11:14:04 -0400
Started GET "/assets/application.self-6ae133fdac18752e8dbcaf2b17dc0532117c7cb5a4560f2de068cc7e0ef55712.css?body=1&livereload=1617894844596" for ::1 at 2021-04-08 11:14:04 -0400
Started GET "/assets/application.self-6ae133fdac18752e8dbcaf2b17dc0532117c7cb5a4560f2de068cc7e0ef55712.css?body=1&livereload=1617894850644" for ::1 at 2021-04-08 11:14:10 -0400
Started GET "/assets/application.self-6ae133fdac18752e8dbcaf2b17dc0532117c7cb5a4560f2de068cc7e0ef55712.css?body=1&livereload=1617894850645" for ::1 at 2021-04-08 11:14:10 -0400
Started GET "/assets/application.self-6ae133fdac18752e8dbcaf2b17dc0532117c7cb5a4560f2de068cc7e0ef55712.css?body=1&livereload=1617894856602" for ::1 at 2021-04-08 11:14:16 -0400
Started GET "/assets/application.self-6ae133fdac18752e8dbcaf2b17dc0532117c7cb5a4560f2de068cc7e0ef55712.css?body=1&livereload=1617894856603" for ::1 at 2021-04-08 11:14:16 -0400
Started GET "/assets/application.self-6ae133fdac18752e8dbcaf2b17dc0532117c7cb5a4560f2de068cc7e0ef55712.css?body=1&livereload=1617894865716" for ::1 at 2021-04-08 11:14:25 -0400
Started GET "/assets/application.self-6ae133fdac18752e8dbcaf2b17dc0532117c7cb5a4560f2de068cc7e0ef55712.css?body=1&livereload=1617894865718" for ::1 at 2021-04-08 11:14:25 -0400
Started GET "/" for ::1 at 2021-04-08 11:14:37 -0400
Processing by StaticPagesController#index as HTML
  Rendering static_pages/index.html.erb within layouts/application
  Rendered shared/_main_nav.html.erb (0.3ms)
  Rendered shared/_masthead.html.erb (0.3ms)
  Rendered shared/_sections_nav.html.erb (0.4ms)
  Rendered shared/_search_modal.html.erb (0.2ms)
  Rendered shared/_main_content.html.erb (0.2ms)
  Rendered static_pages/index.html.erb within layouts/application (14.8ms)
Completed 200 OK in 43ms (Views: 40.0ms | ActiveRecord: 0.0ms)


Started GET "/assets/application.self-4dab45b7e168997de36793accfc88d844c65efe8da0a47e6cfad7760388e104e.css?body=1" for ::1 at 2021-04-08 11:14:37 -0400
Started GET "/assets/application.self-4dab45b7e168997de36793accfc88d844c65efe8da0a47e6cfad7760388e104e.css?body=1&livereload=1617894909754" for ::1 at 2021-04-08 11:15:09 -0400
Started GET "/assets/application.self-4dab45b7e168997de36793accfc88d844c65efe8da0a47e6cfad7760388e104e.css?body=1&livereload=1617894909755" for ::1 at 2021-04-08 11:15:09 -0400
Started GET "/assets/application.self-4dab45b7e168997de36793accfc88d844c65efe8da0a47e6cfad7760388e104e.css?body=1&livereload=1617894923836" for ::1 at 2021-04-08 11:15:23 -0400
Started GET "/assets/application.self-4dab45b7e168997de36793accfc88d844c65efe8da0a47e6cfad7760388e104e.css?body=1&livereload=1617894923837" for ::1 at 2021-04-08 11:15:23 -0400
Started GET "/assets/application.self-4dab45b7e168997de36793accfc88d844c65efe8da0a47e6cfad7760388e104e.css?body=1&livereload=1617894924853" for ::1 at 2021-04-08 11:15:24 -0400
Started GET "/assets/application.self-4dab45b7e168997de36793accfc88d844c65efe8da0a47e6cfad7760388e104e.css?body=1&livereload=1617894924854" for ::1 at 2021-04-08 11:15:24 -0400
Started GET "/assets/application.self-4dab45b7e168997de36793accfc88d844c65efe8da0a47e6cfad7760388e104e.css?body=1&livereload=1617894927823" for ::1 at 2021-04-08 11:15:27 -0400
Started GET "/assets/application.self-4dab45b7e168997de36793accfc88d844c65efe8da0a47e6cfad7760388e104e.css?body=1&livereload=1617894927825" for ::1 at 2021-04-08 11:15:27 -0400
Started GET "/assets/application.self-4dab45b7e168997de36793accfc88d844c65efe8da0a47e6cfad7760388e104e.css?body=1&livereload=1617895028086" for ::1 at 2021-04-08 11:17:08 -0400
Started GET "/assets/application.self-4dab45b7e168997de36793accfc88d844c65efe8da0a47e6cfad7760388e104e.css?body=1&livereload=1617895028085" for ::1 at 2021-04-08 11:17:08 -0400
Started GET "/assets/application.self-4dab45b7e168997de36793accfc88d844c65efe8da0a47e6cfad7760388e104e.css?body=1&livereload=1617895033077" for ::1 at 2021-04-08 11:17:13 -0400
Started GET "/assets/application.self-4dab45b7e168997de36793accfc88d844c65efe8da0a47e6cfad7760388e104e.css?body=1&livereload=1617895033078" for ::1 at 2021-04-08 11:17:13 -0400
Started GET "/assets/application.self-4dab45b7e168997de36793accfc88d844c65efe8da0a47e6cfad7760388e104e.css?body=1&livereload=1617895035112" for ::1 at 2021-04-08 11:17:15 -0400
Started GET "/assets/application.self-4dab45b7e168997de36793accfc88d844c65efe8da0a47e6cfad7760388e104e.css?body=1&livereload=1617895035113" for ::1 at 2021-04-08 11:17:15 -0400
Started GET "/assets/application.self-4dab45b7e168997de36793accfc88d844c65efe8da0a47e6cfad7760388e104e.css?body=1&livereload=1617895037156" for ::1 at 2021-04-08 11:17:17 -0400
Started GET "/assets/application.self-4dab45b7e168997de36793accfc88d844c65efe8da0a47e6cfad7760388e104e.css?body=1&livereload=1617895037158" for ::1 at 2021-04-08 11:17:17 -0400
Started GET "/assets/application.self-4dab45b7e168997de36793accfc88d844c65efe8da0a47e6cfad7760388e104e.css?body=1&livereload=1617895053213" for ::1 at 2021-04-08 11:17:33 -0400
Started GET "/assets/application.self-4dab45b7e168997de36793accfc88d844c65efe8da0a47e6cfad7760388e104e.css?body=1&livereload=1617895053214" for ::1 at 2021-04-08 11:17:33 -0400
Started GET "/assets/application.self-4dab45b7e168997de36793accfc88d844c65efe8da0a47e6cfad7760388e104e.css?body=1&livereload=1617895059224" for ::1 at 2021-04-08 11:17:39 -0400
Started GET "/assets/application.self-4dab45b7e168997de36793accfc88d844c65efe8da0a47e6cfad7760388e104e.css?body=1&livereload=1617895059225" for ::1 at 2021-04-08 11:17:39 -0400
Started GET "/assets/application.self-4dab45b7e168997de36793accfc88d844c65efe8da0a47e6cfad7760388e104e.css?body=1&livereload=1617895061171" for ::1 at 2021-04-08 11:17:41 -0400
Started GET "/assets/application.self-4dab45b7e168997de36793accfc88d844c65efe8da0a47e6cfad7760388e104e.css?body=1&livereload=1617895061172" for ::1 at 2021-04-08 11:17:41 -0400
Started GET "/assets/application.self-4dab45b7e168997de36793accfc88d844c65efe8da0a47e6cfad7760388e104e.css?body=1&livereload=1617895066170" for ::1 at 2021-04-08 11:17:46 -0400
Started GET "/assets/application.self-4dab45b7e168997de36793accfc88d844c65efe8da0a47e6cfad7760388e104e.css?body=1&livereload=1617895066171" for ::1 at 2021-04-08 11:17:46 -0400
Started GET "/assets/application.self-4dab45b7e168997de36793accfc88d844c65efe8da0a47e6cfad7760388e104e.css?body=1&livereload=1617895070179" for ::1 at 2021-04-08 11:17:50 -0400
Started GET "/assets/application.self-4dab45b7e168997de36793accfc88d844c65efe8da0a47e6cfad7760388e104e.css?body=1&livereload=1617895070180" for ::1 at 2021-04-08 11:17:50 -0400
Started GET "/assets/application.self-4dab45b7e168997de36793accfc88d844c65efe8da0a47e6cfad7760388e104e.css?body=1&livereload=1617895074245" for ::1 at 2021-04-08 11:17:54 -0400
Started GET "/assets/application.self-4dab45b7e168997de36793accfc88d844c65efe8da0a47e6cfad7760388e104e.css?body=1&livereload=1617895074246" for ::1 at 2021-04-08 11:17:54 -0400
Started GET "/assets/application.self-4dab45b7e168997de36793accfc88d844c65efe8da0a47e6cfad7760388e104e.css?body=1&livereload=1617895076206" for ::1 at 2021-04-08 11:17:56 -0400
Started GET "/assets/application.self-4dab45b7e168997de36793accfc88d844c65efe8da0a47e6cfad7760388e104e.css?body=1&livereload=1617895076206&livereload=1617895076206" for ::1 at 2021-04-08 11:17:56 -0400
Started GET "/assets/application.self-4dab45b7e168997de36793accfc88d844c65efe8da0a47e6cfad7760388e104e.css?body=1&livereload=1617895078246&livereload=1617895076206" for ::1 at 2021-04-08 11:17:58 -0400
Started GET "/assets/application.self-4dab45b7e168997de36793accfc88d844c65efe8da0a47e6cfad7760388e104e.css?body=1&livereload=1617895078247&livereload=1617895076206" for ::1 at 2021-04-08 11:17:58 -0400
Started GET "/assets/application.self-4dab45b7e168997de36793accfc88d844c65efe8da0a47e6cfad7760388e104e.css?body=1&livereload=1617895080303&livereload=1617895076206" for ::1 at 2021-04-08 11:18:00 -0400
Started GET "/assets/application.self-4dab45b7e168997de36793accfc88d844c65efe8da0a47e6cfad7760388e104e.css?body=1&livereload=1617895080304&livereload=1617895076206" for ::1 at 2021-04-08 11:18:00 -0400
Started GET "/assets/application.self-4dab45b7e168997de36793accfc88d844c65efe8da0a47e6cfad7760388e104e.css?body=1&livereload=1617895082259&livereload=1617895076206" for ::1 at 2021-04-08 11:18:02 -0400
Started GET "/assets/application.self-4dab45b7e168997de36793accfc88d844c65efe8da0a47e6cfad7760388e104e.css?body=1&livereload=1617895082260&livereload=1617895076206" for ::1 at 2021-04-08 11:18:02 -0400
Started GET "/assets/application.self-4dab45b7e168997de36793accfc88d844c65efe8da0a47e6cfad7760388e104e.css?body=1&livereload=1617895084293&livereload=1617895076206" for ::1 at 2021-04-08 11:18:04 -0400
Started GET "/assets/application.self-4dab45b7e168997de36793accfc88d844c65efe8da0a47e6cfad7760388e104e.css?body=1&livereload=1617895084294&livereload=1617895076206" for ::1 at 2021-04-08 11:18:04 -0400
Started GET "/assets/application.self-4dab45b7e168997de36793accfc88d844c65efe8da0a47e6cfad7760388e104e.css?body=1&livereload=1617895087265&livereload=1617895076206" for ::1 at 2021-04-08 11:18:07 -0400
Started GET "/assets/application.self-4dab45b7e168997de36793accfc88d844c65efe8da0a47e6cfad7760388e104e.css?body=1&livereload=1617895087269&livereload=1617895076206" for ::1 at 2021-04-08 11:18:07 -0400
Started GET "/assets/application.self-4dab45b7e168997de36793accfc88d844c65efe8da0a47e6cfad7760388e104e.css?body=1&livereload=1617895088289&livereload=1617895076206" for ::1 at 2021-04-08 11:18:08 -0400
Started GET "/assets/application.self-4dab45b7e168997de36793accfc88d844c65efe8da0a47e6cfad7760388e104e.css?body=1&livereload=1617895088290&livereload=1617895076206" for ::1 at 2021-04-08 11:18:08 -0400
Started GET "/assets/application.self-4dab45b7e168997de36793accfc88d844c65efe8da0a47e6cfad7760388e104e.css?body=1&livereload=1617895096278&livereload=1617895076206" for ::1 at 2021-04-08 11:18:16 -0400
Started GET "/assets/application.self-4dab45b7e168997de36793accfc88d844c65efe8da0a47e6cfad7760388e104e.css?body=1&livereload=1617895096279&livereload=1617895076206" for ::1 at 2021-04-08 11:18:16 -0400
Started GET "/assets/application.self-4dab45b7e168997de36793accfc88d844c65efe8da0a47e6cfad7760388e104e.css?body=1&livereload=1617895098334&livereload=1617895076206" for ::1 at 2021-04-08 11:18:18 -0400
Started GET "/assets/application.self-4dab45b7e168997de36793accfc88d844c65efe8da0a47e6cfad7760388e104e.css?body=1&livereload=1617895098335&livereload=1617895076206" for ::1 at 2021-04-08 11:18:18 -0400
Started GET "/assets/application.self-4dab45b7e168997de36793accfc88d844c65efe8da0a47e6cfad7760388e104e.css?body=1&livereload=1617895101297&livereload=1617895076206" for ::1 at 2021-04-08 11:18:21 -0400
Started GET "/assets/application.self-4dab45b7e168997de36793accfc88d844c65efe8da0a47e6cfad7760388e104e.css?body=1&livereload=1617895101298&livereload=1617895076206" for ::1 at 2021-04-08 11:18:21 -0400
Started GET "/assets/application.self-4dab45b7e168997de36793accfc88d844c65efe8da0a47e6cfad7760388e104e.css?body=1&livereload=1617895103338&livereload=1617895076206" for ::1 at 2021-04-08 11:18:23 -0400
Started GET "/assets/application.self-4dab45b7e168997de36793accfc88d844c65efe8da0a47e6cfad7760388e104e.css?body=1&livereload=1617895103339&livereload=1617895076206" for ::1 at 2021-04-08 11:18:23 -0400
Started GET "/assets/application.self-4dab45b7e168997de36793accfc88d844c65efe8da0a47e6cfad7760388e104e.css?body=1&livereload=1617895107335&livereload=1617895076206" for ::1 at 2021-04-08 11:18:27 -0400
Started GET "/assets/application.self-4dab45b7e168997de36793accfc88d844c65efe8da0a47e6cfad7760388e104e.css?body=1&livereload=1617895107336&livereload=1617895076206" for ::1 at 2021-04-08 11:18:27 -0400
Started GET "/assets/application.self-4dab45b7e168997de36793accfc88d844c65efe8da0a47e6cfad7760388e104e.css?body=1&livereload=1617895115296&livereload=1617895076206" for ::1 at 2021-04-08 11:18:35 -0400
Started GET "/assets/application.self-4dab45b7e168997de36793accfc88d844c65efe8da0a47e6cfad7760388e104e.css?body=1&livereload=1617895115297&livereload=1617895076206" for ::1 at 2021-04-08 11:18:35 -0400
Started GET "/assets/application.self-4dab45b7e168997de36793accfc88d844c65efe8da0a47e6cfad7760388e104e.css?body=1&livereload=1617895121415&livereload=1617895076206" for ::1 at 2021-04-08 11:18:41 -0400
Started GET "/assets/application.self-4dab45b7e168997de36793accfc88d844c65efe8da0a47e6cfad7760388e104e.css?body=1&livereload=1617895121416&livereload=1617895076206" for ::1 at 2021-04-08 11:18:41 -0400
Started GET "/assets/application.self-4dab45b7e168997de36793accfc88d844c65efe8da0a47e6cfad7760388e104e.css?body=1&livereload=1617895124400&livereload=1617895076206" for ::1 at 2021-04-08 11:18:44 -0400
Started GET "/assets/application.self-4dab45b7e168997de36793accfc88d844c65efe8da0a47e6cfad7760388e104e.css?body=1&livereload=1617895124402&livereload=1617895076206" for ::1 at 2021-04-08 11:18:44 -0400
Started GET "/assets/application.self-4dab45b7e168997de36793accfc88d844c65efe8da0a47e6cfad7760388e104e.css?body=1&livereload=1617895128393&livereload=1617895076206" for ::1 at 2021-04-08 11:18:48 -0400
Started GET "/assets/application.self-4dab45b7e168997de36793accfc88d844c65efe8da0a47e6cfad7760388e104e.css?body=1&livereload=1617895128394&livereload=1617895076206" for ::1 at 2021-04-08 11:18:48 -0400
Started GET "/assets/application.self-4dab45b7e168997de36793accfc88d844c65efe8da0a47e6cfad7760388e104e.css?body=1&livereload=1617895131363&livereload=1617895076206" for ::1 at 2021-04-08 11:18:51 -0400
Started GET "/assets/application.self-4dab45b7e168997de36793accfc88d844c65efe8da0a47e6cfad7760388e104e.css?body=1&livereload=1617895131364&livereload=1617895076206" for ::1 at 2021-04-08 11:18:51 -0400
Started GET "/assets/application.self-4dab45b7e168997de36793accfc88d844c65efe8da0a47e6cfad7760388e104e.css?body=1&livereload=1617895133401&livereload=1617895076206" for ::1 at 2021-04-08 11:18:53 -0400
Started GET "/assets/application.self-4dab45b7e168997de36793accfc88d844c65efe8da0a47e6cfad7760388e104e.css?body=1&livereload=1617895133403&livereload=1617895076206" for ::1 at 2021-04-08 11:18:53 -0400
Started GET "/assets/application.self-4dab45b7e168997de36793accfc88d844c65efe8da0a47e6cfad7760388e104e.css?body=1&livereload=1617895135367&livereload=1617895076206" for ::1 at 2021-04-08 11:18:55 -0400
Started GET "/assets/application.self-4dab45b7e168997de36793accfc88d844c65efe8da0a47e6cfad7760388e104e.css?body=1&livereload=1617895135368&livereload=1617895076206" for ::1 at 2021-04-08 11:18:55 -0400
Started GET "/assets/application.self-4dab45b7e168997de36793accfc88d844c65efe8da0a47e6cfad7760388e104e.css?body=1&livereload=1617895137401&livereload=1617895076206" for ::1 at 2021-04-08 11:18:57 -0400
Started GET "/assets/application.self-4dab45b7e168997de36793accfc88d844c65efe8da0a47e6cfad7760388e104e.css?body=1&livereload=1617895137402&livereload=1617895076206" for ::1 at 2021-04-08 11:18:57 -0400
Started GET "/assets/application.self-4dab45b7e168997de36793accfc88d844c65efe8da0a47e6cfad7760388e104e.css?body=1&livereload=1617895142414&livereload=1617895076206" for ::1 at 2021-04-08 11:19:02 -0400
Started GET "/assets/application.self-4dab45b7e168997de36793accfc88d844c65efe8da0a47e6cfad7760388e104e.css?body=1&livereload=1617895142415&livereload=1617895076206" for ::1 at 2021-04-08 11:19:02 -0400
Started GET "/assets/application.self-4dab45b7e168997de36793accfc88d844c65efe8da0a47e6cfad7760388e104e.css?body=1&livereload=1617895150480&livereload=1617895076206" for ::1 at 2021-04-08 11:19:10 -0400
Started GET "/assets/application.self-4dab45b7e168997de36793accfc88d844c65efe8da0a47e6cfad7760388e104e.css?body=1&livereload=1617895150481&livereload=1617895076206" for ::1 at 2021-04-08 11:19:10 -0400
Started GET "/assets/application.self-4dab45b7e168997de36793accfc88d844c65efe8da0a47e6cfad7760388e104e.css?body=1&livereload=1617895159493&livereload=1617895076206" for ::1 at 2021-04-08 11:19:19 -0400
Started GET "/assets/application.self-4dab45b7e168997de36793accfc88d844c65efe8da0a47e6cfad7760388e104e.css?body=1&livereload=1617895159495&livereload=1617895076206" for ::1 at 2021-04-08 11:19:19 -0400
Started GET "/assets/application.self-4dab45b7e168997de36793accfc88d844c65efe8da0a47e6cfad7760388e104e.css?body=1&livereload=1617895162461&livereload=1617895076206" for ::1 at 2021-04-08 11:19:22 -0400
Started GET "/assets/application.self-4dab45b7e168997de36793accfc88d844c65efe8da0a47e6cfad7760388e104e.css?body=1&livereload=1617895162462&livereload=1617895076206" for ::1 at 2021-04-08 11:19:22 -0400
Started GET "/assets/application.self-4dab45b7e168997de36793accfc88d844c65efe8da0a47e6cfad7760388e104e.css?body=1&livereload=1617895166454&livereload=1617895076206" for ::1 at 2021-04-08 11:19:26 -0400
Started GET "/assets/application.self-4dab45b7e168997de36793accfc88d844c65efe8da0a47e6cfad7760388e104e.css?body=1&livereload=1617895166455&livereload=1617895076206" for ::1 at 2021-04-08 11:19:26 -0400
Started GET "/assets/application.self-4dab45b7e168997de36793accfc88d844c65efe8da0a47e6cfad7760388e104e.css?body=1&livereload=1617895172489&livereload=1617895076206" for ::1 at 2021-04-08 11:19:32 -0400
Started GET "/assets/application.self-4dab45b7e168997de36793accfc88d844c65efe8da0a47e6cfad7760388e104e.css?body=1&livereload=1617895172489&livereload=1617895076206&livereload=1617895172489" for ::1 at 2021-04-08 11:19:32 -0400
Started GET "/assets/application.self-4dab45b7e168997de36793accfc88d844c65efe8da0a47e6cfad7760388e104e.css?body=1&livereload=1617895176478&livereload=1617895076206&livereload=1617895172489" for ::1 at 2021-04-08 11:19:36 -0400
Started GET "/assets/application.self-4dab45b7e168997de36793accfc88d844c65efe8da0a47e6cfad7760388e104e.css?body=1&livereload=1617895176480&livereload=1617895076206&livereload=1617895172489" for ::1 at 2021-04-08 11:19:36 -0400
Started GET "/assets/application.self-4dab45b7e168997de36793accfc88d844c65efe8da0a47e6cfad7760388e104e.css?body=1&livereload=1617895187507&livereload=1617895076206&livereload=1617895172489" for ::1 at 2021-04-08 11:19:47 -0400
Started GET "/assets/application.self-4dab45b7e168997de36793accfc88d844c65efe8da0a47e6cfad7760388e104e.css?body=1&livereload=1617895187508&livereload=1617895076206&livereload=1617895172489" for ::1 at 2021-04-08 11:19:47 -0400
Started GET "/assets/application.self-4dab45b7e168997de36793accfc88d844c65efe8da0a47e6cfad7760388e104e.css?body=1&livereload=1617895262759&livereload=1617895076206&livereload=1617895172489" for ::1 at 2021-04-08 11:21:02 -0400
Started GET "/assets/application.self-4dab45b7e168997de36793accfc88d844c65efe8da0a47e6cfad7760388e104e.css?body=1&livereload=1617895262761&livereload=1617895076206&livereload=1617895172489" for ::1 at 2021-04-08 11:21:02 -0400
Started GET "/assets/application.self-4dab45b7e168997de36793accfc88d844c65efe8da0a47e6cfad7760388e104e.css?body=1&livereload=1617895268791&livereload=1617895076206&livereload=1617895172489" for ::1 at 2021-04-08 11:21:08 -0400
Started GET "/assets/application.self-4dab45b7e168997de36793accfc88d844c65efe8da0a47e6cfad7760388e104e.css?body=1&livereload=1617895268792&livereload=1617895076206&livereload=1617895172489" for ::1 at 2021-04-08 11:21:08 -0400
Started GET "/assets/application.self-4dab45b7e168997de36793accfc88d844c65efe8da0a47e6cfad7760388e104e.css?body=1&livereload=1617895280767&livereload=1617895076206&livereload=1617895172489" for ::1 at 2021-04-08 11:21:20 -0400
Started GET "/assets/application.self-4dab45b7e168997de36793accfc88d844c65efe8da0a47e6cfad7760388e104e.css?body=1&livereload=1617895280768&livereload=1617895076206&livereload=1617895172489" for ::1 at 2021-04-08 11:21:20 -0400
Started GET "/assets/application.self-4dab45b7e168997de36793accfc88d844c65efe8da0a47e6cfad7760388e104e.css?body=1&livereload=1617895283835&livereload=1617895076206&livereload=1617895172489" for ::1 at 2021-04-08 11:21:23 -0400
Started GET "/assets/application.self-4dab45b7e168997de36793accfc88d844c65efe8da0a47e6cfad7760388e104e.css?body=1&livereload=1617895283836&livereload=1617895076206&livereload=1617895172489" for ::1 at 2021-04-08 11:21:23 -0400
Started GET "/assets/application.self-4dab45b7e168997de36793accfc88d844c65efe8da0a47e6cfad7760388e104e.css?body=1&livereload=1617895286810&livereload=1617895076206&livereload=1617895172489" for ::1 at 2021-04-08 11:21:26 -0400
Started GET "/assets/application.self-4dab45b7e168997de36793accfc88d844c65efe8da0a47e6cfad7760388e104e.css?body=1&livereload=1617895286811&livereload=1617895076206&livereload=1617895172489" for ::1 at 2021-04-08 11:21:26 -0400
Started GET "/assets/application.self-4dab45b7e168997de36793accfc88d844c65efe8da0a47e6cfad7760388e104e.css?body=1&livereload=1617895287839&livereload=1617895076206&livereload=1617895172489" for ::1 at 2021-04-08 11:21:27 -0400
Started GET "/assets/application.self-4dab45b7e168997de36793accfc88d844c65efe8da0a47e6cfad7760388e104e.css?body=1&livereload=1617895287840&livereload=1617895076206&livereload=1617895172489" for ::1 at 2021-04-08 11:21:27 -0400
Started GET "/assets/application.self-4dab45b7e168997de36793accfc88d844c65efe8da0a47e6cfad7760388e104e.css?body=1&livereload=1617895289786&livereload=1617895076206&livereload=1617895172489" for ::1 at 2021-04-08 11:21:29 -0400
Started GET "/assets/application.self-4dab45b7e168997de36793accfc88d844c65efe8da0a47e6cfad7760388e104e.css?body=1&livereload=1617895289787&livereload=1617895076206&livereload=1617895172489" for ::1 at 2021-04-08 11:21:29 -0400
Started GET "/assets/application.self-4dab45b7e168997de36793accfc88d844c65efe8da0a47e6cfad7760388e104e.css?body=1&livereload=1617895290803&livereload=1617895076206&livereload=1617895172489" for ::1 at 2021-04-08 11:21:30 -0400
Started GET "/assets/application.self-4dab45b7e168997de36793accfc88d844c65efe8da0a47e6cfad7760388e104e.css?body=1&livereload=1617895290803&livereload=1617895076206&livereload=1617895172489&livereload=1617895290803" for ::1 at 2021-04-08 11:21:30 -0400
Started GET "/assets/application.self-4dab45b7e168997de36793accfc88d844c65efe8da0a47e6cfad7760388e104e.css?body=1&livereload=1617895294887&livereload=1617895076206&livereload=1617895172489&livereload=1617895290803" for ::1 at 2021-04-08 11:21:34 -0400
Started GET "/assets/application.self-4dab45b7e168997de36793accfc88d844c65efe8da0a47e6cfad7760388e104e.css?body=1&livereload=1617895294888&livereload=1617895076206&livereload=1617895172489&livereload=1617895290803" for ::1 at 2021-04-08 11:21:34 -0400
Started GET "/assets/application.self-4dab45b7e168997de36793accfc88d844c65efe8da0a47e6cfad7760388e104e.css?body=1&livereload=1617895351004&livereload=1617895076206&livereload=1617895172489&livereload=1617895290803" for ::1 at 2021-04-08 11:22:31 -0400
Started GET "/assets/application.self-4dab45b7e168997de36793accfc88d844c65efe8da0a47e6cfad7760388e104e.css?body=1&livereload=1617895351005&livereload=1617895076206&livereload=1617895172489&livereload=1617895290803" for ::1 at 2021-04-08 11:22:31 -0400
